Apr 10, 2018 10:24:33 PM spec.jbb.JBBmain main -> INFO: Logging started
Apr 10, 2018 10:24:34 PM spec.jbb.Company primeWithDummyData -> INFO: Loading Warehouse 1...
Apr 10, 2018 10:24:36 PM spec.jbb.JBBmain DoARun -> INFO: Start User Threads
Apr 10, 2018 10:24:36 PM spec.jbb.JBBmain DoARun -> INFO:   started user thread for Warehouse 1
Apr 10, 2018 10:24:36 PM spec.jbb.Company displayResultTotals -> INFO: Timing Measurement began Tue Apr 10 22:24:36 UTC 2018 for 0.5 minutes
Apr 10, 2018 10:25:06 PM spec.jbb.Company displayResultTotals -> INFO: Timing Measurement ended Tue Apr 10 22:25:06 UTC 2018
Apr 10, 2018 10:25:06 PM spec.jbb.Company primeWithDummyData -> INFO: Loading Warehouse 2...
Apr 10, 2018 10:25:07 PM spec.jbb.JBBmain DoARun -> INFO: Start User Threads
Apr 10, 2018 10:25:07 PM spec.jbb.JBBmain DoARun -> INFO:   started user thread for Warehouse 1
Apr 10, 2018 10:25:07 PM spec.jbb.JBBmain DoARun -> INFO:   started user thread for Warehouse 2
Apr 10, 2018 10:25:07 PM spec.jbb.Company displayResultTotals -> INFO: Timing Measurement began Tue Apr 10 22:25:07 UTC 2018 for 0.5 minutes
Apr 10, 2018 10:25:37 PM spec.jbb.Company displayResultTotals -> INFO: Timing Measurement ended Tue Apr 10 22:25:37 UTC 2018
Apr 10, 2018 10:25:37 PM spec.jbb.Company primeWithDummyData -> INFO: Loading Warehouse 3...
Apr 10, 2018 10:25:39 PM spec.jbb.JBBmain DoARun -> INFO: Start User Threads
Apr 10, 2018 10:25:39 PM spec.jbb.JBBmain DoARun -> INFO:   started user thread for Warehouse 1
Apr 10, 2018 10:25:39 PM spec.jbb.JBBmain DoARun -> INFO:   started user thread for Warehouse 2
Apr 10, 2018 10:25:39 PM spec.jbb.JBBmain DoARun -> INFO:   started user thread for Warehouse 3
Apr 10, 2018 10:25:39 PM spec.jbb.Company displayResultTotals -> INFO: Timing Measurement began Tue Apr 10 22:25:39 UTC 2018 for 0.5 minutes
Apr 10, 2018 10:26:09 PM spec.jbb.Company displayResultTotals -> INFO: Timing Measurement ended Tue Apr 10 22:26:09 UTC 2018
Apr 10, 2018 10:26:09 PM spec.jbb.Company primeWithDummyData -> INFO: Loading Warehouse 4...
Apr 10, 2018 10:26:10 PM spec.jbb.JBBmain DoARun -> INFO: Start User Threads
Apr 10, 2018 10:26:10 PM spec.jbb.JBBmain DoARun -> INFO:   started user thread for Warehouse 1
Apr 10, 2018 10:26:10 PM spec.jbb.JBBmain DoARun -> INFO:   started user thread for Warehouse 2
Apr 10, 2018 10:26:10 PM spec.jbb.JBBmain DoARun -> INFO:   started user thread for Warehouse 3
Apr 10, 2018 10:26:10 PM spec.jbb.JBBmain DoARun -> INFO:   started user thread for Warehouse 4
Apr 10, 2018 10:26:10 PM spec.jbb.Company displayResultTotals -> INFO: Timing Measurement began Tue Apr 10 22:26:10 UTC 2018 for 0.5 minutes
Apr 10, 2018 10:26:40 PM spec.jbb.Company displayResultTotals -> INFO: Timing Measurement ended Tue Apr 10 22:26:40 UTC 2018
Apr 10, 2018 10:26:40 PM spec.jbb.Company primeWithDummyData -> INFO: Loading Warehouse 5...
Apr 10, 2018 10:26:41 PM spec.jbb.JBBmain DoARun -> INFO: Start User Threads
Apr 10, 2018 10:26:41 PM spec.jbb.JBBmain DoARun -> INFO:   started user thread for Warehouse 1
Apr 10, 2018 10:26:41 PM spec.jbb.JBBmain DoARun -> INFO:   started user thread for Warehouse 2
Apr 10, 2018 10:26:41 PM spec.jbb.JBBmain DoARun -> INFO:   started user thread for Warehouse 3
Apr 10, 2018 10:26:41 PM spec.jbb.JBBmain DoARun -> INFO:   started user thread for Warehouse 4
Apr 10, 2018 10:26:41 PM spec.jbb.JBBmain DoARun -> INFO:   started user thread for Warehouse 5
Apr 10, 2018 10:26:41 PM spec.jbb.Company displayResultTotals -> INFO: Timing Measurement began Tue Apr 10 22:26:41 UTC 2018 for 0.5 minutes
Apr 10, 2018 10:27:11 PM spec.jbb.Company displayResultTotals -> INFO: Timing Measurement ended Tue Apr 10 22:27:11 UTC 2018
Apr 10, 2018 10:27:11 PM spec.jbb.Company primeWithDummyData -> INFO: Loading Warehouse 6...
Apr 10, 2018 10:27:13 PM spec.jbb.JBBmain DoARun -> INFO: Start User Threads
Apr 10, 2018 10:27:13 PM spec.jbb.JBBmain DoARun -> INFO:   started user thread for Warehouse 1
Apr 10, 2018 10:27:13 PM spec.jbb.JBBmain DoARun -> INFO:   started user thread for Warehouse 2
Apr 10, 2018 10:27:13 PM spec.jbb.JBBmain DoARun -> INFO:   started user thread for Warehouse 3
Apr 10, 2018 10:27:13 PM spec.jbb.JBBmain DoARun -> INFO:   started user thread for Warehouse 4
Apr 10, 2018 10:27:13 PM spec.jbb.JBBmain DoARun -> INFO:   started user thread for Warehouse 5
Apr 10, 2018 10:27:13 PM spec.jbb.JBBmain DoARun -> INFO:   started user thread for Warehouse 6
Apr 10, 2018 10:27:13 PM spec.jbb.Company displayResultTotals -> INFO: Timing Measurement began Tue Apr 10 22:27:13 UTC 2018 for 0.5 minutes
Apr 10, 2018 10:27:43 PM spec.jbb.Company displayResultTotals -> INFO: Timing Measurement ended Tue Apr 10 22:27:43 UTC 2018
Apr 10, 2018 10:27:43 PM spec.jbb.Company primeWithDummyData -> INFO: Loading Warehouse 7...
Apr 10, 2018 10:27:44 PM spec.jbb.JBBmain DoARun -> INFO: Start User Threads
Apr 10, 2018 10:27:44 PM spec.jbb.JBBmain DoARun -> INFO:   started user thread for Warehouse 1
Apr 10, 2018 10:27:44 PM spec.jbb.JBBmain DoARun -> INFO:   started user thread for Warehouse 2
Apr 10, 2018 10:27:44 PM spec.jbb.JBBmain DoARun -> INFO:   started user thread for Warehouse 3
Apr 10, 2018 10:27:44 PM spec.jbb.JBBmain DoARun -> INFO:   started user thread for Warehouse 4
Apr 10, 2018 10:27:44 PM spec.jbb.JBBmain DoARun -> INFO:   started user thread for Warehouse 5
Apr 10, 2018 10:27:44 PM spec.jbb.JBBmain DoARun -> INFO:   started user thread for Warehouse 6
Apr 10, 2018 10:27:44 PM spec.jbb.JBBmain DoARun -> INFO:   started user thread for Warehouse 7
Apr 10, 2018 10:27:44 PM spec.jbb.Company displayResultTotals -> INFO: Timing Measurement began Tue Apr 10 22:27:44 UTC 2018 for 0.5 minutes
Apr 10, 2018 10:28:14 PM spec.jbb.Company displayResultTotals -> INFO: Timing Measurement ended Tue Apr 10 22:28:14 UTC 2018
Apr 10, 2018 10:28:14 PM spec.jbb.Company primeWithDummyData -> INFO: Loading Warehouse 8...
Apr 10, 2018 10:28:15 PM spec.jbb.JBBmain DoARun -> INFO: Start User Threads
Apr 10, 2018 10:28:15 PM spec.jbb.JBBmain DoARun -> INFO:   started user thread for Warehouse 1
Apr 10, 2018 10:28:15 PM spec.jbb.JBBmain DoARun -> INFO:   started user thread for Warehouse 2
Apr 10, 2018 10:28:15 PM spec.jbb.JBBmain DoARun -> INFO:   started user thread for Warehouse 3
Apr 10, 2018 10:28:15 PM spec.jbb.JBBmain DoARun -> INFO:   started user thread for Warehouse 4
Apr 10, 2018 10:28:15 PM spec.jbb.JBBmain DoARun -> INFO:   started user thread for Warehouse 5
Apr 10, 2018 10:28:15 PM spec.jbb.JBBmain DoARun -> INFO:   started user thread for Warehouse 6
Apr 10, 2018 10:28:15 PM spec.jbb.JBBmain DoARun -> INFO:   started user thread for Warehouse 7
Apr 10, 2018 10:28:15 PM spec.jbb.JBBmain DoARun -> INFO:   started user thread for Warehouse 8
Apr 10, 2018 10:28:15 PM spec.jbb.Company displayResultTotals -> INFO: Timing Measurement began Tue Apr 10 22:28:15 UTC 2018 for 4 minutes
Apr 10, 2018 10:32:15 PM spec.jbb.Company displayResultTotals -> INFO: Timing Measurement ended Tue Apr 10 22:32:15 UTC 2018
Apr 10, 2018 10:32:16 PM spec.jbb.Company primeWithDummyData -> INFO: Loading Warehouse 9...
Apr 10, 2018 10:32:18 PM spec.jbb.JBBmain DoARun -> INFO: Start User Threads
Apr 10, 2018 10:32:18 PM spec.jbb.JBBmain DoARun -> INFO:   started user thread for Warehouse 1
Apr 10, 2018 10:32:18 PM spec.jbb.JBBmain DoARun -> INFO:   started user thread for Warehouse 2
Apr 10, 2018 10:32:18 PM spec.jbb.JBBmain DoARun -> INFO:   started user thread for Warehouse 3
Apr 10, 2018 10:32:18 PM spec.jbb.JBBmain DoARun -> INFO:   started user thread for Warehouse 4
Apr 10, 2018 10:32:18 PM spec.jbb.JBBmain DoARun -> INFO:   started user thread for Warehouse 5
Apr 10, 2018 10:32:18 PM spec.jbb.JBBmain DoARun -> INFO:   started user thread for Warehouse 6
Apr 10, 2018 10:32:18 PM spec.jbb.JBBmain DoARun -> INFO:   started user thread for Warehouse 7
Apr 10, 2018 10:32:18 PM spec.jbb.JBBmain DoARun -> INFO:   started user thread for Warehouse 8
Apr 10, 2018 10:32:18 PM spec.jbb.JBBmain DoARun -> INFO:   started user thread for Warehouse 9
Apr 10, 2018 10:32:18 PM spec.jbb.Company displayResultTotals -> INFO: Timing Measurement began Tue Apr 10 22:32:18 UTC 2018 for 4 minutes
Apr 10, 2018 10:36:18 PM spec.jbb.Company displayResultTotals -> INFO: Timing Measurement ended Tue Apr 10 22:36:18 UTC 2018
Apr 10, 2018 10:36:18 PM spec.jbb.Company primeWithDummyData -> INFO: Loading Warehouse 10...
Apr 10, 2018 10:36:19 PM spec.jbb.JBBmain DoARun -> INFO: Start User Threads
Apr 10, 2018 10:36:19 PM spec.jbb.JBBmain DoARun -> INFO:   started user thread for Warehouse 1
Apr 10, 2018 10:36:19 PM spec.jbb.JBBmain DoARun -> INFO:   started user thread for Warehouse 2
Apr 10, 2018 10:36:19 PM spec.jbb.JBBmain DoARun -> INFO:   started user thread for Warehouse 3
Apr 10, 2018 10:36:19 PM spec.jbb.JBBmain DoARun -> INFO:   started user thread for Warehouse 4
Apr 10, 2018 10:36:19 PM spec.jbb.JBBmain DoARun -> INFO:   started user thread for Warehouse 5
Apr 10, 2018 10:36:19 PM spec.jbb.JBBmain DoARun -> INFO:   started user thread for Warehouse 6
Apr 10, 2018 10:36:19 PM spec.jbb.JBBmain DoARun -> INFO:   started user thread for Warehouse 7
Apr 10, 2018 10:36:19 PM spec.jbb.JBBmain DoARun -> INFO:   started user thread for Warehouse 8
Apr 10, 2018 10:36:19 PM spec.jbb.JBBmain DoARun -> INFO:   started user thread for Warehouse 9
Apr 10, 2018 10:36:19 PM spec.jbb.JBBmain DoARun -> INFO:   started user thread for Warehouse 10
Apr 10, 2018 10:36:19 PM spec.jbb.Company displayResultTotals -> INFO: Timing Measurement began Tue Apr 10 22:36:19 UTC 2018 for 4 minutes
Apr 10, 2018 10:40:19 PM spec.jbb.Company displayResultTotals -> INFO: Timing Measurement ended Tue Apr 10 22:40:19 UTC 2018
Apr 10, 2018 10:40:19 PM spec.jbb.Company primeWithDummyData -> INFO: Loading Warehouse 11...
Apr 10, 2018 10:40:21 PM spec.jbb.JBBmain DoARun -> INFO: Start User Threads
Apr 10, 2018 10:40:21 PM spec.jbb.JBBmain DoARun -> INFO:   started user thread for Warehouse 1
Apr 10, 2018 10:40:21 PM spec.jbb.JBBmain DoARun -> INFO:   started user thread for Warehouse 2
Apr 10, 2018 10:40:21 PM spec.jbb.JBBmain DoARun -> INFO:   started user thread for Warehouse 3
Apr 10, 2018 10:40:21 PM spec.jbb.JBBmain DoARun -> INFO:   started user thread for Warehouse 4
Apr 10, 2018 10:40:21 PM spec.jbb.JBBmain DoARun -> INFO:   started user thread for Warehouse 5
Apr 10, 2018 10:40:21 PM spec.jbb.JBBmain DoARun -> INFO:   started user thread for Warehouse 6
Apr 10, 2018 10:40:21 PM spec.jbb.JBBmain DoARun -> INFO:   started user thread for Warehouse 7
Apr 10, 2018 10:40:21 PM spec.jbb.JBBmain DoARun -> INFO:   started user thread for Warehouse 8
Apr 10, 2018 10:40:21 PM spec.jbb.JBBmain DoARun -> INFO:   started user thread for Warehouse 9
Apr 10, 2018 10:40:21 PM spec.jbb.JBBmain DoARun -> INFO:   started user thread for Warehouse 10
Apr 10, 2018 10:40:21 PM spec.jbb.JBBmain DoARun -> INFO:   started user thread for Warehouse 11
Apr 10, 2018 10:40:21 PM spec.jbb.Company displayResultTotals -> INFO: Timing Measurement began Tue Apr 10 22:40:21 UTC 2018 for 4 minutes
Apr 10, 2018 10:44:21 PM spec.jbb.Company displayResultTotals -> INFO: Timing Measurement ended Tue Apr 10 22:44:21 UTC 2018
Apr 10, 2018 10:44:21 PM spec.jbb.Company primeWithDummyData -> INFO: Loading Warehouse 12...
Apr 10, 2018 10:44:22 PM spec.jbb.JBBmain DoARun -> INFO: Start User Threads
Apr 10, 2018 10:44:22 PM spec.jbb.JBBmain DoARun -> INFO:   started user thread for Warehouse 1
Apr 10, 2018 10:44:22 PM spec.jbb.JBBmain DoARun -> INFO:   started user thread for Warehouse 2
Apr 10, 2018 10:44:22 PM spec.jbb.JBBmain DoARun -> INFO:   started user thread for Warehouse 3
Apr 10, 2018 10:44:22 PM spec.jbb.JBBmain DoARun -> INFO:   started user thread for Warehouse 4
Apr 10, 2018 10:44:22 PM spec.jbb.JBBmain DoARun -> INFO:   started user thread for Warehouse 5
Apr 10, 2018 10:44:22 PM spec.jbb.JBBmain DoARun -> INFO:   started user thread for Warehouse 6
Apr 10, 2018 10:44:22 PM spec.jbb.JBBmain DoARun -> INFO:   started user thread for Warehouse 7
Apr 10, 2018 10:44:22 PM spec.jbb.JBBmain DoARun -> INFO:   started user thread for Warehouse 8
Apr 10, 2018 10:44:22 PM spec.jbb.JBBmain DoARun -> INFO:   started user thread for Warehouse 9
Apr 10, 2018 10:44:22 PM spec.jbb.JBBmain DoARun -> INFO:   started user thread for Warehouse 10
Apr 10, 2018 10:44:22 PM spec.jbb.JBBmain DoARun -> INFO:   started user thread for Warehouse 11
Apr 10, 2018 10:44:22 PM spec.jbb.JBBmain DoARun -> INFO:   started user thread for Warehouse 12
Apr 10, 2018 10:44:22 PM spec.jbb.Company displayResultTotals -> INFO: Timing Measurement began Tue Apr 10 22:44:22 UTC 2018 for 4 minutes
Apr 10, 2018 10:48:22 PM spec.jbb.Company displayResultTotals -> INFO: Timing Measurement ended Tue Apr 10 22:48:22 UTC 2018
Apr 10, 2018 10:48:22 PM spec.jbb.Company primeWithDummyData -> INFO: Loading Warehouse 13...
Apr 10, 2018 10:48:24 PM spec.jbb.JBBmain DoARun -> INFO: Start User Threads
Apr 10, 2018 10:48:24 PM spec.jbb.JBBmain DoARun -> INFO:   started user thread for Warehouse 1
Apr 10, 2018 10:48:24 PM spec.jbb.JBBmain DoARun -> INFO:   started user thread for Warehouse 2
Apr 10, 2018 10:48:24 PM spec.jbb.JBBmain DoARun -> INFO:   started user thread for Warehouse 3
Apr 10, 2018 10:48:24 PM spec.jbb.JBBmain DoARun -> INFO:   started user thread for Warehouse 4
Apr 10, 2018 10:48:24 PM spec.jbb.JBBmain DoARun -> INFO:   started user thread for Warehouse 5
Apr 10, 2018 10:48:24 PM spec.jbb.JBBmain DoARun -> INFO:   started user thread for Warehouse 6
Apr 10, 2018 10:48:24 PM spec.jbb.JBBmain DoARun -> INFO:   started user thread for Warehouse 7
Apr 10, 2018 10:48:24 PM spec.jbb.JBBmain DoARun -> INFO:   started user thread for Warehouse 8
Apr 10, 2018 10:48:24 PM spec.jbb.JBBmain DoARun -> INFO:   started user thread for Warehouse 9
Apr 10, 2018 10:48:24 PM spec.jbb.JBBmain DoARun -> INFO:   started user thread for Warehouse 10
Apr 10, 2018 10:48:24 PM spec.jbb.JBBmain DoARun -> INFO:   started user thread for Warehouse 11
Apr 10, 2018 10:48:24 PM spec.jbb.JBBmain DoARun -> INFO:   started user thread for Warehouse 12
Apr 10, 2018 10:48:24 PM spec.jbb.JBBmain DoARun -> INFO:   started user thread for Warehouse 13
Apr 10, 2018 10:48:24 PM spec.jbb.Company displayResultTotals -> INFO: Timing Measurement began Tue Apr 10 22:48:24 UTC 2018 for 4 minutes
Apr 10, 2018 10:52:25 PM spec.jbb.Company displayResultTotals -> INFO: Timing Measurement ended Tue Apr 10 22:52:25 UTC 2018
Apr 10, 2018 10:52:25 PM spec.jbb.Company primeWithDummyData -> INFO: Loading Warehouse 14...
Apr 10, 2018 10:52:27 PM spec.jbb.JBBmain DoARun -> INFO: Start User Threads
Apr 10, 2018 10:52:27 PM spec.jbb.JBBmain DoARun -> INFO:   started user thread for Warehouse 1
Apr 10, 2018 10:52:27 PM spec.jbb.JBBmain DoARun -> INFO:   started user thread for Warehouse 2
Apr 10, 2018 10:52:27 PM spec.jbb.JBBmain DoARun -> INFO:   started user thread for Warehouse 3
Apr 10, 2018 10:52:27 PM spec.jbb.JBBmain DoARun -> INFO:   started user thread for Warehouse 4
Apr 10, 2018 10:52:27 PM spec.jbb.JBBmain DoARun -> INFO:   started user thread for Warehouse 5
Apr 10, 2018 10:52:27 PM spec.jbb.JBBmain DoARun -> INFO:   started user thread for Warehouse 6
Apr 10, 2018 10:52:27 PM spec.jbb.JBBmain DoARun -> INFO:   started user thread for Warehouse 7
Apr 10, 2018 10:52:27 PM spec.jbb.JBBmain DoARun -> INFO:   started user thread for Warehouse 8
Apr 10, 2018 10:52:27 PM spec.jbb.JBBmain DoARun -> INFO:   started user thread for Warehouse 9
Apr 10, 2018 10:52:27 PM spec.jbb.JBBmain DoARun -> INFO:   started user thread for Warehouse 10
Apr 10, 2018 10:52:27 PM spec.jbb.JBBmain DoARun -> INFO:   started user thread for Warehouse 11
Apr 10, 2018 10:52:27 PM spec.jbb.JBBmain DoARun -> INFO:   started user thread for Warehouse 12
Apr 10, 2018 10:52:27 PM spec.jbb.JBBmain DoARun -> INFO:   started user thread for Warehouse 13
Apr 10, 2018 10:52:27 PM spec.jbb.JBBmain DoARun -> INFO:   started user thread for Warehouse 14
Apr 10, 2018 10:52:27 PM spec.jbb.Company displayResultTotals -> INFO: Timing Measurement began Tue Apr 10 22:52:27 UTC 2018 for 4 minutes
Apr 10, 2018 10:56:27 PM spec.jbb.Company displayResultTotals -> INFO: Timing Measurement ended Tue Apr 10 22:56:27 UTC 2018
Apr 10, 2018 10:56:27 PM spec.jbb.Company primeWithDummyData -> INFO: Loading Warehouse 15...
Apr 10, 2018 10:56:28 PM spec.jbb.JBBmain DoARun -> INFO: Start User Threads
Apr 10, 2018 10:56:28 PM spec.jbb.JBBmain DoARun -> INFO:   started user thread for Warehouse 1
Apr 10, 2018 10:56:28 PM spec.jbb.JBBmain DoARun -> INFO:   started user thread for Warehouse 2
Apr 10, 2018 10:56:28 PM spec.jbb.JBBmain DoARun -> INFO:   started user thread for Warehouse 3
Apr 10, 2018 10:56:28 PM spec.jbb.JBBmain DoARun -> INFO:   started user thread for Warehouse 4
Apr 10, 2018 10:56:28 PM spec.jbb.JBBmain DoARun -> INFO:   started user thread for Warehouse 5
Apr 10, 2018 10:56:28 PM spec.jbb.JBBmain DoARun -> INFO:   started user thread for Warehouse 6
Apr 10, 2018 10:56:28 PM spec.jbb.JBBmain DoARun -> INFO:   started user thread for Warehouse 7
Apr 10, 2018 10:56:28 PM spec.jbb.JBBmain DoARun -> INFO:   started user thread for Warehouse 8
Apr 10, 2018 10:56:28 PM spec.jbb.JBBmain DoARun -> INFO:   started user thread for Warehouse 9
Apr 10, 2018 10:56:28 PM spec.jbb.JBBmain DoARun -> INFO:   started user thread for Warehouse 10
Apr 10, 2018 10:56:28 PM spec.jbb.JBBmain DoARun -> INFO:   started user thread for Warehouse 11
Apr 10, 2018 10:56:28 PM spec.jbb.JBBmain DoARun -> INFO:   started user thread for Warehouse 12
Apr 10, 2018 10:56:28 PM spec.jbb.JBBmain DoARun -> INFO:   started user thread for Warehouse 13
Apr 10, 2018 10:56:28 PM spec.jbb.JBBmain DoARun -> INFO:   started user thread for Warehouse 14
Apr 10, 2018 10:56:28 PM spec.jbb.JBBmain DoARun -> INFO:   started user thread for Warehouse 15
Apr 10, 2018 10:56:28 PM spec.jbb.Company displayResultTotals -> INFO: Timing Measurement began Tue Apr 10 22:56:28 UTC 2018 for 4 minutes
Apr 10, 2018 11:00:28 PM spec.jbb.Company displayResultTotals -> INFO: Timing Measurement ended Tue Apr 10 23:00:28 UTC 2018
Apr 10, 2018 11:00:28 PM spec.jbb.Company primeWithDummyData -> INFO: Loading Warehouse 16...
Apr 10, 2018 11:00:30 PM spec.jbb.JBBmain DoARun -> INFO: Start User Threads
Apr 10, 2018 11:00:30 PM spec.jbb.JBBmain DoARun -> INFO:   started user thread for Warehouse 1
Apr 10, 2018 11:00:30 PM spec.jbb.JBBmain DoARun -> INFO:   started user thread for Warehouse 2
Apr 10, 2018 11:00:30 PM spec.jbb.JBBmain DoARun -> INFO:   started user thread for Warehouse 3
Apr 10, 2018 11:00:30 PM spec.jbb.JBBmain DoARun -> INFO:   started user thread for Warehouse 4
Apr 10, 2018 11:00:30 PM spec.jbb.JBBmain DoARun -> INFO:   started user thread for Warehouse 5
Apr 10, 2018 11:00:30 PM spec.jbb.JBBmain DoARun -> INFO:   started user thread for Warehouse 6
Apr 10, 2018 11:00:30 PM spec.jbb.JBBmain DoARun -> INFO:   started user thread for Warehouse 7
Apr 10, 2018 11:00:30 PM spec.jbb.JBBmain DoARun -> INFO:   started user thread for Warehouse 8
Apr 10, 2018 11:00:30 PM spec.jbb.JBBmain DoARun -> INFO:   started user thread for Warehouse 9
Apr 10, 2018 11:00:30 PM spec.jbb.JBBmain DoARun -> INFO:   started user thread for Warehouse 10
Apr 10, 2018 11:00:30 PM spec.jbb.JBBmain DoARun -> INFO:   started user thread for Warehouse 11
Apr 10, 2018 11:00:30 PM spec.jbb.JBBmain DoARun -> INFO:   started user thread for Warehouse 12
Apr 10, 2018 11:00:30 PM spec.jbb.JBBmain DoARun -> INFO:   started user thread for Warehouse 13
Apr 10, 2018 11:00:30 PM spec.jbb.JBBmain DoARun -> INFO:   started user thread for Warehouse 14
Apr 10, 2018 11:00:30 PM spec.jbb.JBBmain DoARun -> INFO:   started user thread for Warehouse 15
Apr 10, 2018 11:00:30 PM spec.jbb.JBBmain DoARun -> INFO:   started user thread for Warehouse 16
Apr 10, 2018 11:00:30 PM spec.jbb.Company displayResultTotals -> INFO: Timing Measurement began Tue Apr 10 23:00:30 UTC 2018 for 4 minutes
Apr 10, 2018 11:04:30 PM spec.jbb.Company displayResultTotals -> INFO: Timing Measurement ended Tue Apr 10 23:04:30 UTC 2018
Apr 10, 2018 11:04:30 PM spec.jbb.JBBmain callReporter -> INFO: Calling Reporter
Apr 10, 2018 11:04:31 PM spec.jbb.JBBmain main -> INFO: Logging ended
