Apr 12, 2018 10:41:54 PM spec.jbb.JBBmain main -> INFO: Logging started
Apr 12, 2018 10:41:55 PM spec.jbb.Company primeWithDummyData -> INFO: Loading Warehouse 1...
Apr 12, 2018 10:41:57 PM spec.jbb.JBBmain DoARun -> INFO: Start User Threads
Apr 12, 2018 10:41:57 PM spec.jbb.JBBmain DoARun -> INFO:   started user thread for Warehouse 1
Apr 12, 2018 10:41:57 PM spec.jbb.Company displayResultTotals -> INFO: Timing Measurement began Thu Apr 12 22:41:57 UTC 2018 for 0.5 minutes
Apr 12, 2018 10:42:27 PM spec.jbb.Company displayResultTotals -> INFO: Timing Measurement ended Thu Apr 12 22:42:27 UTC 2018
Apr 12, 2018 10:42:27 PM spec.jbb.Company primeWithDummyData -> INFO: Loading Warehouse 2...
Apr 12, 2018 10:42:28 PM spec.jbb.JBBmain DoARun -> INFO: Start User Threads
Apr 12, 2018 10:42:28 PM spec.jbb.JBBmain DoARun -> INFO:   started user thread for Warehouse 1
Apr 12, 2018 10:42:28 PM spec.jbb.JBBmain DoARun -> INFO:   started user thread for Warehouse 2
Apr 12, 2018 10:42:28 PM spec.jbb.Company displayResultTotals -> INFO: Timing Measurement began Thu Apr 12 22:42:28 UTC 2018 for 0.5 minutes
Apr 12, 2018 10:42:58 PM spec.jbb.Company displayResultTotals -> INFO: Timing Measurement ended Thu Apr 12 22:42:58 UTC 2018
Apr 12, 2018 10:42:58 PM spec.jbb.Company primeWithDummyData -> INFO: Loading Warehouse 3...
Apr 12, 2018 10:43:00 PM spec.jbb.JBBmain DoARun -> INFO: Start User Threads
Apr 12, 2018 10:43:00 PM spec.jbb.JBBmain DoARun -> INFO:   started user thread for Warehouse 1
Apr 12, 2018 10:43:00 PM spec.jbb.JBBmain DoARun -> INFO:   started user thread for Warehouse 2
Apr 12, 2018 10:43:00 PM spec.jbb.JBBmain DoARun -> INFO:   started user thread for Warehouse 3
Apr 12, 2018 10:43:00 PM spec.jbb.Company displayResultTotals -> INFO: Timing Measurement began Thu Apr 12 22:43:00 UTC 2018 for 0.5 minutes
Apr 12, 2018 10:43:30 PM spec.jbb.Company displayResultTotals -> INFO: Timing Measurement ended Thu Apr 12 22:43:30 UTC 2018
Apr 12, 2018 10:43:30 PM spec.jbb.Company primeWithDummyData -> INFO: Loading Warehouse 4...
Apr 12, 2018 10:43:31 PM spec.jbb.JBBmain DoARun -> INFO: Start User Threads
Apr 12, 2018 10:43:31 PM spec.jbb.JBBmain DoARun -> INFO:   started user thread for Warehouse 1
Apr 12, 2018 10:43:31 PM spec.jbb.JBBmain DoARun -> INFO:   started user thread for Warehouse 2
Apr 12, 2018 10:43:31 PM spec.jbb.JBBmain DoARun -> INFO:   started user thread for Warehouse 3
Apr 12, 2018 10:43:31 PM spec.jbb.JBBmain DoARun -> INFO:   started user thread for Warehouse 4
Apr 12, 2018 10:43:31 PM spec.jbb.Company displayResultTotals -> INFO: Timing Measurement began Thu Apr 12 22:43:31 UTC 2018 for 0.5 minutes
Apr 12, 2018 10:44:01 PM spec.jbb.Company displayResultTotals -> INFO: Timing Measurement ended Thu Apr 12 22:44:01 UTC 2018
Apr 12, 2018 10:44:01 PM spec.jbb.Company primeWithDummyData -> INFO: Loading Warehouse 5...
Apr 12, 2018 10:44:02 PM spec.jbb.JBBmain DoARun -> INFO: Start User Threads
Apr 12, 2018 10:44:02 PM spec.jbb.JBBmain DoARun -> INFO:   started user thread for Warehouse 1
Apr 12, 2018 10:44:02 PM spec.jbb.JBBmain DoARun -> INFO:   started user thread for Warehouse 2
Apr 12, 2018 10:44:02 PM spec.jbb.JBBmain DoARun -> INFO:   started user thread for Warehouse 3
Apr 12, 2018 10:44:02 PM spec.jbb.JBBmain DoARun -> INFO:   started user thread for Warehouse 4
Apr 12, 2018 10:44:02 PM spec.jbb.JBBmain DoARun -> INFO:   started user thread for Warehouse 5
Apr 12, 2018 10:44:02 PM spec.jbb.Company displayResultTotals -> INFO: Timing Measurement began Thu Apr 12 22:44:02 UTC 2018 for 0.5 minutes
Apr 12, 2018 10:44:32 PM spec.jbb.Company displayResultTotals -> INFO: Timing Measurement ended Thu Apr 12 22:44:32 UTC 2018
Apr 12, 2018 10:44:32 PM spec.jbb.Company primeWithDummyData -> INFO: Loading Warehouse 6...
Apr 12, 2018 10:44:34 PM spec.jbb.JBBmain DoARun -> INFO: Start User Threads
Apr 12, 2018 10:44:34 PM spec.jbb.JBBmain DoARun -> INFO:   started user thread for Warehouse 1
Apr 12, 2018 10:44:34 PM spec.jbb.JBBmain DoARun -> INFO:   started user thread for Warehouse 2
Apr 12, 2018 10:44:34 PM spec.jbb.JBBmain DoARun -> INFO:   started user thread for Warehouse 3
Apr 12, 2018 10:44:34 PM spec.jbb.JBBmain DoARun -> INFO:   started user thread for Warehouse 4
Apr 12, 2018 10:44:34 PM spec.jbb.JBBmain DoARun -> INFO:   started user thread for Warehouse 5
Apr 12, 2018 10:44:34 PM spec.jbb.JBBmain DoARun -> INFO:   started user thread for Warehouse 6
Apr 12, 2018 10:44:34 PM spec.jbb.Company displayResultTotals -> INFO: Timing Measurement began Thu Apr 12 22:44:34 UTC 2018 for 0.5 minutes
Apr 12, 2018 10:45:04 PM spec.jbb.Company displayResultTotals -> INFO: Timing Measurement ended Thu Apr 12 22:45:04 UTC 2018
Apr 12, 2018 10:45:04 PM spec.jbb.Company primeWithDummyData -> INFO: Loading Warehouse 7...
Apr 12, 2018 10:45:05 PM spec.jbb.JBBmain DoARun -> INFO: Start User Threads
Apr 12, 2018 10:45:05 PM spec.jbb.JBBmain DoARun -> INFO:   started user thread for Warehouse 1
Apr 12, 2018 10:45:05 PM spec.jbb.JBBmain DoARun -> INFO:   started user thread for Warehouse 2
Apr 12, 2018 10:45:05 PM spec.jbb.JBBmain DoARun -> INFO:   started user thread for Warehouse 3
Apr 12, 2018 10:45:05 PM spec.jbb.JBBmain DoARun -> INFO:   started user thread for Warehouse 4
Apr 12, 2018 10:45:05 PM spec.jbb.JBBmain DoARun -> INFO:   started user thread for Warehouse 5
Apr 12, 2018 10:45:05 PM spec.jbb.JBBmain DoARun -> INFO:   started user thread for Warehouse 6
Apr 12, 2018 10:45:05 PM spec.jbb.JBBmain DoARun -> INFO:   started user thread for Warehouse 7
Apr 12, 2018 10:45:05 PM spec.jbb.Company displayResultTotals -> INFO: Timing Measurement began Thu Apr 12 22:45:05 UTC 2018 for 0.5 minutes
Apr 12, 2018 10:45:35 PM spec.jbb.Company displayResultTotals -> INFO: Timing Measurement ended Thu Apr 12 22:45:35 UTC 2018
Apr 12, 2018 10:45:35 PM spec.jbb.Company primeWithDummyData -> INFO: Loading Warehouse 8...
Apr 12, 2018 10:45:38 PM spec.jbb.JBBmain DoARun -> INFO: Start User Threads
Apr 12, 2018 10:45:38 PM spec.jbb.JBBmain DoARun -> INFO:   started user thread for Warehouse 1
Apr 12, 2018 10:45:38 PM spec.jbb.JBBmain DoARun -> INFO:   started user thread for Warehouse 2
Apr 12, 2018 10:45:38 PM spec.jbb.JBBmain DoARun -> INFO:   started user thread for Warehouse 3
Apr 12, 2018 10:45:38 PM spec.jbb.JBBmain DoARun -> INFO:   started user thread for Warehouse 4
Apr 12, 2018 10:45:38 PM spec.jbb.JBBmain DoARun -> INFO:   started user thread for Warehouse 5
Apr 12, 2018 10:45:38 PM spec.jbb.JBBmain DoARun -> INFO:   started user thread for Warehouse 6
Apr 12, 2018 10:45:38 PM spec.jbb.JBBmain DoARun -> INFO:   started user thread for Warehouse 7
Apr 12, 2018 10:45:38 PM spec.jbb.JBBmain DoARun -> INFO:   started user thread for Warehouse 8
Apr 12, 2018 10:45:38 PM spec.jbb.Company displayResultTotals -> INFO: Timing Measurement began Thu Apr 12 22:45:38 UTC 2018 for 4 minutes
Apr 12, 2018 10:49:38 PM spec.jbb.Company displayResultTotals -> INFO: Timing Measurement ended Thu Apr 12 22:49:38 UTC 2018
Apr 12, 2018 10:49:38 PM spec.jbb.Company primeWithDummyData -> INFO: Loading Warehouse 9...
Apr 12, 2018 10:49:40 PM spec.jbb.JBBmain DoARun -> INFO: Start User Threads
Apr 12, 2018 10:49:40 PM spec.jbb.JBBmain DoARun -> INFO:   started user thread for Warehouse 1
Apr 12, 2018 10:49:40 PM spec.jbb.JBBmain DoARun -> INFO:   started user thread for Warehouse 2
Apr 12, 2018 10:49:40 PM spec.jbb.JBBmain DoARun -> INFO:   started user thread for Warehouse 3
Apr 12, 2018 10:49:40 PM spec.jbb.JBBmain DoARun -> INFO:   started user thread for Warehouse 4
Apr 12, 2018 10:49:40 PM spec.jbb.JBBmain DoARun -> INFO:   started user thread for Warehouse 5
Apr 12, 2018 10:49:40 PM spec.jbb.JBBmain DoARun -> INFO:   started user thread for Warehouse 6
Apr 12, 2018 10:49:40 PM spec.jbb.JBBmain DoARun -> INFO:   started user thread for Warehouse 7
Apr 12, 2018 10:49:40 PM spec.jbb.JBBmain DoARun -> INFO:   started user thread for Warehouse 8
Apr 12, 2018 10:49:40 PM spec.jbb.JBBmain DoARun -> INFO:   started user thread for Warehouse 9
Apr 12, 2018 10:49:40 PM spec.jbb.Company displayResultTotals -> INFO: Timing Measurement began Thu Apr 12 22:49:40 UTC 2018 for 4 minutes
